<?xml version="1.0" encoding="UTF-8"?>
<!-- Generated by org.testng.reporters.JUnitXMLReporter -->
<testsuite ignored="0" hostname="Asplap1075" failures="1" tests="24" name="Test" time="120.691" errors="0" timestamp="24 May 2024 12:20:31 GMT">
  <testcase classname="LearnSelnium.test.OrderCheckValidationHashMap" name="submitOrderHashMap" time="3.512"/>
  <testcase classname="LearnSelnium.test.OrderCheckValidationHashMap" name="submitOrderHashMap" time="3.596"/>
  <testcase classname="LearnSelnium.test.OrderCheckValidationHashMap" name="cartPageProductCheckHashMap" time="3.017"/>
  <testcase classname="LearnSelnium.test.OrderCheckValidationHashMap" name="cartPageProductCheckHashMap" time="4.05"/>
  <testcase classname="LearnSelnium.test.OrderCheckValidationHashMap" name="orderHistoryValidationHashMap" time="3.985"/>
  <testcase classname="LearnSelnium.test.OrderCheckValidationHashMap" name="orderHistoryValidationHashMap" time="0.857"/>
  <testcase classname="LearnSelnium.test.OrderCheckValidation" name="cartPageProductCheck" time="2.418"/>
  <testcase classname="LearnSelnium.test.OrderCheckValidation" name="submitOrder" time="2.959"/>
  <testcase classname="LearnSelnium.test.OrderCheckValidation" name="orderHistoryValidation" time="0.602"/>
  <testcase classname="LearnSelnium.test.loginPageValidations" name="createNewPassword" time="1.343"/>
  <testcase classname="LearnSelnium.test.loginPageValidations" name="getForgotPasswordLinkText" time="0.109"/>
  <testcase classname="LearnSelnium.test.loginPageValidations" name="loginErrorMessage" time="0.62">
    <failure type="java.lang.AssertionError" message="expected [Incorrect email or password.1] but found []">
      <![CDATA[java.lang.AssertionError: expected [Incorrect email or password.1] but found []
at LearnSelnium.test.loginPageValidations.loginErrorMessage(loginPageValidations.java:24)
... Removed 31 stack frames]]>
    </failure>
  </testcase> <!-- loginErrorMessage -->
  <testcase classname="LearnSelnium.test.OrderCheckValidationDataProvider" name="cartPageProductCheckDataProvider" time="2.144"/>
  <testcase classname="LearnSelnium.test.OrderCheckValidationDataProvider" name="cartPageProductCheckDataProvider" time="2.381"/>
  <testcase classname="LearnSelnium.test.OrderCheckValidationDataProvider" name="submitOrderDataProvider" time="2.967"/>
  <testcase classname="LearnSelnium.test.OrderCheckValidationDataProvider" name="submitOrderDataProvider" time="2.643"/>
  <testcase classname="LearnSelnium.test.OrderCheckValidationDataProvider" name="orderHistoryValidationDataProvider" time="2.242"/>
  <testcase classname="LearnSelnium.test.OrderCheckValidationDataProvider" name="orderHistoryValidationDataProvider" time="0.89"/>
  <testcase classname="LearnSelnium.test.OrderCheckValidationJSONData" name="cartPageProductCheckJSONData" time="2.224"/>
  <testcase classname="LearnSelnium.test.OrderCheckValidationJSONData" name="cartPageProductCheckJSONData" time="2.376"/>
  <testcase classname="LearnSelnium.test.OrderCheckValidationJSONData" name="submitOrderJSONData" time="2.776"/>
  <testcase classname="LearnSelnium.test.OrderCheckValidationJSONData" name="submitOrderJSONData" time="2.938"/>
  <testcase classname="LearnSelnium.test.OrderCheckValidationJSONData" name="orderHistoryValidationJSONData" time="0.824"/>
  <testcase classname="LearnSelnium.test.OrderCheckValidationJSONData" name="orderHistoryValidationJSONData" time="1.426"/>
</testsuite> <!-- Test -->
